{"C:\\Users\\37529\\Desktop\\rs-react\\src\\api\\Api.ts": {"path":"C:\\Users\\37529\\Desktop\\rs-react\\src\\api\\Api.ts","all":false,"statementMap":{"0":{"start":{"line":1,"column":0},"end":{"line":1,"column":49}},"3":{"start":{"line":4,"column":0},"end":{"line":4,"column":45}},"4":{"start":{"line":5,"column":0},"end":{"line":5,"column":45}},"5":{"start":{"line":6,"column":0},"end":{"line":6,"column":44}},"6":{"start":{"line":7,"column":0},"end":{"line":7,"column":72}},"8":{"start":{"line":9,"column":0},"end":{"line":9,"column":7}},"9":{"start":{"line":10,"column":0},"end":{"line":10,"column":38}},"10":{"start":{"line":11,"column":0},"end":{"line":11,"column":52}},"11":{"start":{"line":12,"column":0},"end":{"line":12,"column":50}},"12":{"start":{"line":13,"column":0},"end":{"line":13,"column":16}},"13":{"start":{"line":14,"column":0},"end":{"line":14,"column":17}},"14":{"start":{"line":15,"column":0},"end":{"line":15,"column":31}},"15":{"start":{"line":16,"column":0},"end":{"line":16,"column":57}},"16":{"start":{"line":17,"column":0},"end":{"line":17,"column":66}},"17":{"start":{"line":18,"column":0},"end":{"line":18,"column":18}},"18":{"start":{"line":19,"column":0},"end":{"line":19,"column":6}},"19":{"start":{"line":20,"column":0},"end":{"line":20,"column":16}},"20":{"start":{"line":21,"column":0},"end":{"line":21,"column":3}},"21":{"start":{"line":22,"column":0},"end":{"line":22,"column":2}}},"s":{"0":1,"3":1,"4":5,"5":5,"6":5,"8":5,"9":5,"10":5,"11":5,"12":4,"13":5,"14":1,"15":1,"16":1,"17":1,"18":1,"19":1,"20":1,"21":5},"branchMap":{"0":{"type":"branch","line":4,"loc":{"start":{"line":4,"column":32},"end":{"line":22,"column":2}},"locations":[{"start":{"line":4,"column":32},"end":{"line":22,"column":2}}]},"1":{"type":"branch","line":6,"loc":{"start":{"line":6,"column":22},"end":{"line":6,"column":41}},"locations":[{"start":{"line":6,"column":22},"end":{"line":6,"column":41}}]},"2":{"type":"branch","line":6,"loc":{"start":{"line":6,"column":37},"end":{"line":6,"column":44}},"locations":[{"start":{"line":6,"column":37},"end":{"line":6,"column":44}}]},"3":{"type":"branch","line":7,"loc":{"start":{"line":7,"column":14},"end":{"line":7,"column":64}},"locations":[{"start":{"line":7,"column":14},"end":{"line":7,"column":64}}]},"4":{"type":"branch","line":7,"loc":{"start":{"line":7,"column":59},"end":{"line":7,"column":72}},"locations":[{"start":{"line":7,"column":59},"end":{"line":7,"column":72}}]},"5":{"type":"branch","line":12,"loc":{"start":{"line":12,"column":22},"end":{"line":12,"column":50}},"locations":[{"start":{"line":12,"column":22},"end":{"line":12,"column":50}}]},"6":{"type":"branch","line":12,"loc":{"start":{"line":12,"column":48},"end":{"line":14,"column":11}},"locations":[{"start":{"line":12,"column":48},"end":{"line":14,"column":11}}]},"7":{"type":"branch","line":14,"loc":{"start":{"line":14,"column":2},"end":{"line":21,"column":3}},"locations":[{"start":{"line":14,"column":2},"end":{"line":21,"column":3}}]},"8":{"type":"branch","line":17,"loc":{"start":{"line":17,"column":40},"end":{"line":17,"column":66}},"locations":[{"start":{"line":17,"column":40},"end":{"line":17,"column":66}}]}},"b":{"0":[5],"1":[2],"2":[3],"3":[2],"4":[3],"5":[1],"6":[4],"7":[1],"8":[0]},"fnMap":{"0":{"name":"getAllCharacters","decl":{"start":{"line":4,"column":32},"end":{"line":22,"column":2}},"loc":{"start":{"line":4,"column":32},"end":{"line":22,"column":2}},"line":4}},"f":{"0":5}}
,"C:\\Users\\37529\\Desktop\\rs-react\\src\\components\\buttonError\\ButtonError.tsx": {"path":"C:\\Users\\37529\\Desktop\\rs-react\\src\\components\\buttonError\\ButtonError.tsx","all":false,"statementMap":{"0":{"start":{"line":1,"column":0},"end":{"line":1,"column":50}},"2":{"start":{"line":3,"column":0},"end":{"line":3,"column":37}},"3":{"start":{"line":4,"column":0},"end":{"line":4,"column":29}},"4":{"start":{"line":5,"column":0},"end":{"line":5,"column":23}},"5":{"start":{"line":6,"column":0},"end":{"line":6,"column":37}},"6":{"start":{"line":7,"column":0},"end":{"line":7,"column":4}},"7":{"start":{"line":8,"column":0},"end":{"line":8,"column":23}},"8":{"start":{"line":9,"column":0},"end":{"line":9,"column":29}},"9":{"start":{"line":10,"column":0},"end":{"line":10,"column":48}},"10":{"start":{"line":11,"column":0},"end":{"line":11,"column":5}},"11":{"start":{"line":12,"column":0},"end":{"line":12,"column":12}},"12":{"start":{"line":13,"column":0},"end":{"line":13,"column":13}},"13":{"start":{"line":14,"column":0},"end":{"line":14,"column":34}},"14":{"start":{"line":15,"column":0},"end":{"line":15,"column":81}},"15":{"start":{"line":16,"column":0},"end":{"line":16,"column":7}},"17":{"start":{"line":18,"column":0},"end":{"line":18,"column":15}},"19":{"start":{"line":20,"column":0},"end":{"line":20,"column":3}},"20":{"start":{"line":21,"column":0},"end":{"line":21,"column":1}},"21":{"start":{"line":22,"column":0},"end":{"line":22,"column":27}}},"s":{"0":1,"2":1,"3":5,"4":5,"5":1,"6":1,"7":5,"8":19,"9":2,"10":2,"11":17,"12":17,"13":17,"14":17,"15":17,"17":17,"19":19,"20":5,"21":1},"branchMap":{"0":{"type":"branch","line":3,"loc":{"start":{"line":3,"column":36},"end":{"line":21,"column":1}},"locations":[{"start":{"line":3,"column":36},"end":{"line":21,"column":1}}]},"1":{"type":"branch","line":5,"loc":{"start":{"line":5,"column":16},"end":{"line":7,"column":4}},"locations":[{"start":{"line":5,"column":16},"end":{"line":7,"column":4}}]},"2":{"type":"branch","line":8,"loc":{"start":{"line":8,"column":2},"end":{"line":20,"column":3}},"locations":[{"start":{"line":8,"column":2},"end":{"line":20,"column":3}}]},"3":{"type":"branch","line":9,"loc":{"start":{"line":9,"column":28},"end":{"line":18,"column":15}},"locations":[{"start":{"line":9,"column":28},"end":{"line":18,"column":15}}]},"4":{"type":"branch","line":9,"loc":{"start":{"line":9,"column":28},"end":{"line":11,"column":5}},"locations":[{"start":{"line":9,"column":28},"end":{"line":11,"column":5}}]}},"b":{"0":[5],"1":[1],"2":[19],"3":[17],"4":[2]},"fnMap":{"0":{"name":"<instance_members_initializer>","decl":{"start":{"line":3,"column":36},"end":{"line":21,"column":1}},"loc":{"start":{"line":3,"column":36},"end":{"line":21,"column":1}},"line":3},"1":{"name":"handleError","decl":{"start":{"line":5,"column":16},"end":{"line":7,"column":4}},"loc":{"start":{"line":5,"column":16},"end":{"line":7,"column":4}},"line":5},"2":{"name":"render","decl":{"start":{"line":8,"column":2},"end":{"line":20,"column":3}},"loc":{"start":{"line":8,"column":2},"end":{"line":20,"column":3}},"line":8}},"f":{"0":5,"1":1,"2":19}}
,"C:\\Users\\37529\\Desktop\\rs-react\\src\\components\\cards\\Cards.tsx": {"path":"C:\\Users\\37529\\Desktop\\rs-react\\src\\components\\cards\\Cards.tsx","all":false,"statementMap":{"0":{"start":{"line":1,"column":0},"end":{"line":1,"column":54}},"7":{"start":{"line":8,"column":0},"end":{"line":8,"column":50}},"8":{"start":{"line":9,"column":0},"end":{"line":9,"column":23}},"9":{"start":{"line":10,"column":0},"end":{"line":10,"column":12}},"10":{"start":{"line":11,"column":0},"end":{"line":11,"column":78}},"11":{"start":{"line":12,"column":0},"end":{"line":12,"column":36}},"12":{"start":{"line":13,"column":0},"end":{"line":13,"column":42}},"13":{"start":{"line":14,"column":0},"end":{"line":14,"column":69}},"14":{"start":{"line":15,"column":0},"end":{"line":15,"column":18}},"15":{"start":{"line":16,"column":0},"end":{"line":16,"column":74}},"16":{"start":{"line":17,"column":0},"end":{"line":17,"column":32}},"17":{"start":{"line":18,"column":0},"end":{"line":18,"column":31}},"18":{"start":{"line":19,"column":0},"end":{"line":19,"column":16}},"19":{"start":{"line":20,"column":0},"end":{"line":20,"column":32}},"20":{"start":{"line":21,"column":0},"end":{"line":21,"column":17}},"21":{"start":{"line":22,"column":0},"end":{"line":22,"column":12}},"23":{"start":{"line":24,"column":0},"end":{"line":24,"column":31}},"25":{"start":{"line":26,"column":0},"end":{"line":26,"column":11}},"27":{"start":{"line":28,"column":0},"end":{"line":28,"column":3}},"28":{"start":{"line":29,"column":0},"end":{"line":29,"column":1}},"29":{"start":{"line":30,"column":0},"end":{"line":30,"column":21}}},"s":{"0":1,"7":1,"8":1,"9":9,"10":9,"11":9,"12":5,"13":13,"14":13,"15":13,"16":13,"17":13,"18":13,"19":13,"20":13,"21":5,"23":4,"25":9,"27":9,"28":1,"29":1},"branchMap":{"0":{"type":"branch","line":9,"loc":{"start":{"line":9,"column":2},"end":{"line":28,"column":3}},"locations":[{"start":{"line":9,"column":2},"end":{"line":28,"column":3}}]},"1":{"type":"branch","line":12,"loc":{"start":{"line":12,"column":26},"end":{"line":22,"column":12}},"locations":[{"start":{"line":12,"column":26},"end":{"line":22,"column":12}}]},"2":{"type":"branch","line":22,"loc":{"start":{"line":22,"column":11},"end":{"line":24,"column":31}},"locations":[{"start":{"line":22,"column":11},"end":{"line":24,"column":31}}]},"3":{"type":"branch","line":13,"loc":{"start":{"line":13,"column":31},"end":{"line":21,"column":17}},"locations":[{"start":{"line":13,"column":31},"end":{"line":21,"column":17}}]}},"b":{"0":[9],"1":[5],"2":[4],"3":[13]},"fnMap":{"0":{"name":"render","decl":{"start":{"line":9,"column":2},"end":{"line":28,"column":3}},"loc":{"start":{"line":9,"column":2},"end":{"line":28,"column":3}},"line":9}},"f":{"0":9}}
,"C:\\Users\\37529\\Desktop\\rs-react\\src\\components\\cardsSkeleton\\CardsSkeleton.tsx": {"path":"C:\\Users\\37529\\Desktop\\rs-react\\src\\components\\cardsSkeleton\\CardsSkeleton.tsx","all":false,"statementMap":{"0":{"start":{"line":1,"column":0},"end":{"line":1,"column":54}},"2":{"start":{"line":3,"column":0},"end":{"line":3,"column":43}},"3":{"start":{"line":4,"column":0},"end":{"line":4,"column":23}},"4":{"start":{"line":5,"column":0},"end":{"line":5,"column":12}},"5":{"start":{"line":6,"column":0},"end":{"line":6,"column":78}},"6":{"start":{"line":7,"column":0},"end":{"line":7,"column":51}},"7":{"start":{"line":8,"column":0},"end":{"line":8,"column":13}},"8":{"start":{"line":9,"column":0},"end":{"line":9,"column":28}},"9":{"start":{"line":10,"column":0},"end":{"line":10,"column":19}},"10":{"start":{"line":11,"column":0},"end":{"line":11,"column":64}},"12":{"start":{"line":13,"column":0},"end":{"line":13,"column":95}},"13":{"start":{"line":14,"column":0},"end":{"line":14,"column":65}},"14":{"start":{"line":15,"column":0},"end":{"line":15,"column":15}},"15":{"start":{"line":16,"column":0},"end":{"line":16,"column":11}},"16":{"start":{"line":17,"column":0},"end":{"line":17,"column":11}},"18":{"start":{"line":19,"column":0},"end":{"line":19,"column":3}},"19":{"start":{"line":20,"column":0},"end":{"line":20,"column":1}},"20":{"start":{"line":21,"column":0},"end":{"line":21,"column":29}}},"s":{"0":1,"2":1,"3":1,"4":6,"5":6,"6":6,"7":120,"8":120,"9":120,"10":120,"12":120,"13":120,"14":120,"15":6,"16":6,"18":6,"19":1,"20":1},"branchMap":{"0":{"type":"branch","line":4,"loc":{"start":{"line":4,"column":2},"end":{"line":19,"column":3}},"locations":[{"start":{"line":4,"column":2},"end":{"line":19,"column":3}}]},"1":{"type":"branch","line":7,"loc":{"start":{"line":7,"column":40},"end":{"line":15,"column":15}},"locations":[{"start":{"line":7,"column":40},"end":{"line":15,"column":15}}]}},"b":{"0":[6],"1":[120]},"fnMap":{"0":{"name":"render","decl":{"start":{"line":4,"column":2},"end":{"line":19,"column":3}},"loc":{"start":{"line":4,"column":2},"end":{"line":19,"column":3}},"line":4}},"f":{"0":6}}
,"C:\\Users\\37529\\Desktop\\rs-react\\src\\components\\errorBoundary\\ErrorBoundary.tsx": {"path":"C:\\Users\\37529\\Desktop\\rs-react\\src\\components\\errorBoundary\\ErrorBoundary.tsx","all":false,"statementMap":{"0":{"start":{"line":1,"column":0},"end":{"line":1,"column":66}},"10":{"start":{"line":11,"column":0},"end":{"line":11,"column":53}},"11":{"start":{"line":12,"column":0},"end":{"line":12,"column":37}},"13":{"start":{"line":14,"column":0},"end":{"line":14,"column":37}},"14":{"start":{"line":15,"column":0},"end":{"line":15,"column":30}},"15":{"start":{"line":16,"column":0},"end":{"line":16,"column":3}},"17":{"start":{"line":18,"column":0},"end":{"line":18,"column":52}},"18":{"start":{"line":19,"column":0},"end":{"line":19,"column":72}},"19":{"start":{"line":20,"column":0},"end":{"line":20,"column":3}},"21":{"start":{"line":22,"column":0},"end":{"line":22,"column":12}},"22":{"start":{"line":23,"column":0},"end":{"line":23,"column":30}},"23":{"start":{"line":24,"column":0},"end":{"line":24,"column":61}},"24":{"start":{"line":25,"column":0},"end":{"line":25,"column":5}},"26":{"start":{"line":27,"column":0},"end":{"line":27,"column":31}},"27":{"start":{"line":28,"column":0},"end":{"line":28,"column":3}},"28":{"start":{"line":29,"column":0},"end":{"line":29,"column":1}},"30":{"start":{"line":31,"column":0},"end":{"line":31,"column":29}}},"s":{"0":1,"10":1,"11":1,"13":1,"14":2,"15":2,"17":1,"18":1,"19":1,"21":1,"22":3,"23":2,"24":2,"26":1,"27":3,"28":1,"30":1},"branchMap":{"0":{"type":"branch","line":11,"loc":{"start":{"line":11,"column":52},"end":{"line":29,"column":1}},"locations":[{"start":{"line":11,"column":52},"end":{"line":29,"column":1}}]},"1":{"type":"branch","line":14,"loc":{"start":{"line":14,"column":9},"end":{"line":16,"column":3}},"locations":[{"start":{"line":14,"column":9},"end":{"line":16,"column":3}}]},"2":{"type":"branch","line":18,"loc":{"start":{"line":18,"column":2},"end":{"line":20,"column":3}},"locations":[{"start":{"line":18,"column":2},"end":{"line":20,"column":3}}]},"3":{"type":"branch","line":22,"loc":{"start":{"line":22,"column":2},"end":{"line":28,"column":3}},"locations":[{"start":{"line":22,"column":2},"end":{"line":28,"column":3}}]},"4":{"type":"branch","line":23,"loc":{"start":{"line":23,"column":29},"end":{"line":25,"column":5}},"locations":[{"start":{"line":23,"column":29},"end":{"line":25,"column":5}}]},"5":{"type":"branch","line":25,"loc":{"start":{"line":25,"column":4},"end":{"line":27,"column":31}},"locations":[{"start":{"line":25,"column":4},"end":{"line":27,"column":31}}]}},"b":{"0":[1],"1":[2],"2":[1],"3":[3],"4":[2],"5":[1]},"fnMap":{"0":{"name":"<instance_members_initializer>","decl":{"start":{"line":11,"column":52},"end":{"line":29,"column":1}},"loc":{"start":{"line":11,"column":52},"end":{"line":29,"column":1}},"line":11},"1":{"name":"getDerivedStateFromError","decl":{"start":{"line":14,"column":9},"end":{"line":16,"column":3}},"loc":{"start":{"line":14,"column":9},"end":{"line":16,"column":3}},"line":14},"2":{"name":"componentDidCatch","decl":{"start":{"line":18,"column":2},"end":{"line":20,"column":3}},"loc":{"start":{"line":18,"column":2},"end":{"line":20,"column":3}},"line":18},"3":{"name":"render","decl":{"start":{"line":22,"column":2},"end":{"line":28,"column":3}},"loc":{"start":{"line":22,"column":2},"end":{"line":28,"column":3}},"line":22}},"f":{"0":1,"1":2,"2":1,"3":3}}
,"C:\\Users\\37529\\Desktop\\rs-react\\src\\components\\search\\Search.tsx": {"path":"C:\\Users\\37529\\Desktop\\rs-react\\src\\components\\search\\Search.tsx","all":false,"statementMap":{"0":{"start":{"line":1,"column":0},"end":{"line":1,"column":8}},"11":{"start":{"line":12,"column":0},"end":{"line":12,"column":62}},"12":{"start":{"line":13,"column":0},"end":{"line":13,"column":62}},"13":{"start":{"line":14,"column":0},"end":{"line":14,"column":58}},"14":{"start":{"line":15,"column":0},"end":{"line":15,"column":49}},"15":{"start":{"line":16,"column":0},"end":{"line":16,"column":4}},"16":{"start":{"line":17,"column":0},"end":{"line":17,"column":57}},"17":{"start":{"line":18,"column":0},"end":{"line":18,"column":23}},"18":{"start":{"line":19,"column":0},"end":{"line":19,"column":65}},"19":{"start":{"line":20,"column":0},"end":{"line":20,"column":71}},"20":{"start":{"line":21,"column":0},"end":{"line":21,"column":45}},"21":{"start":{"line":22,"column":0},"end":{"line":22,"column":4}},"22":{"start":{"line":23,"column":0},"end":{"line":23,"column":23}},"23":{"start":{"line":24,"column":0},"end":{"line":24,"column":12}},"24":{"start":{"line":25,"column":0},"end":{"line":25,"column":11}},"25":{"start":{"line":26,"column":0},"end":{"line":26,"column":40}},"26":{"start":{"line":27,"column":0},"end":{"line":27,"column":35}},"27":{"start":{"line":28,"column":0},"end":{"line":28,"column":25}},"29":{"start":{"line":30,"column":0},"end":{"line":30,"column":14}},"30":{"start":{"line":31,"column":0},"end":{"line":31,"column":23}},"31":{"start":{"line":32,"column":0},"end":{"line":32,"column":21}},"32":{"start":{"line":33,"column":0},"end":{"line":33,"column":31}},"33":{"start":{"line":34,"column":0},"end":{"line":34,"column":46}},"34":{"start":{"line":35,"column":0},"end":{"line":35,"column":38}},"35":{"start":{"line":36,"column":0},"end":{"line":36,"column":40}},"36":{"start":{"line":37,"column":0},"end":{"line":37,"column":10}},"37":{"start":{"line":38,"column":0},"end":{"line":38,"column":85}},"39":{"start":{"line":40,"column":0},"end":{"line":40,"column":17}},"40":{"start":{"line":41,"column":0},"end":{"line":41,"column":13}},"42":{"start":{"line":43,"column":0},"end":{"line":43,"column":3}},"43":{"start":{"line":44,"column":0},"end":{"line":44,"column":1}},"44":{"start":{"line":45,"column":0},"end":{"line":45,"column":22}}},"s":{"0":1,"11":1,"12":6,"13":6,"14":14,"15":14,"16":6,"17":4,"18":4,"19":4,"20":1,"21":4,"22":6,"23":32,"24":32,"25":32,"26":32,"27":32,"29":32,"30":32,"31":32,"32":32,"33":32,"34":32,"35":32,"36":32,"37":32,"39":32,"40":32,"42":32,"43":6,"44":1},"branchMap":{"0":{"type":"branch","line":12,"loc":{"start":{"line":12,"column":61},"end":{"line":44,"column":1}},"locations":[{"start":{"line":12,"column":61},"end":{"line":44,"column":1}}]},"1":{"type":"branch","line":13,"loc":{"start":{"line":13,"column":52},"end":{"line":13,"column":60}},"locations":[{"start":{"line":13,"column":52},"end":{"line":13,"column":60}}]},"2":{"type":"branch","line":14,"loc":{"start":{"line":14,"column":19},"end":{"line":16,"column":4}},"locations":[{"start":{"line":14,"column":19},"end":{"line":16,"column":4}}]},"3":{"type":"branch","line":17,"loc":{"start":{"line":17,"column":21},"end":{"line":22,"column":4}},"locations":[{"start":{"line":17,"column":21},"end":{"line":22,"column":4}}]},"4":{"type":"branch","line":20,"loc":{"start":{"line":20,"column":18},"end":{"line":21,"column":45}},"locations":[{"start":{"line":20,"column":18},"end":{"line":21,"column":45}}]},"5":{"type":"branch","line":20,"loc":{"start":{"line":20,"column":69},"end":{"line":21,"column":45}},"locations":[{"start":{"line":20,"column":69},"end":{"line":21,"column":45}}]},"6":{"type":"branch","line":23,"loc":{"start":{"line":23,"column":2},"end":{"line":43,"column":3}},"locations":[{"start":{"line":23,"column":2},"end":{"line":43,"column":3}}]}},"b":{"0":[6],"1":[5],"2":[14],"3":[4],"4":[3],"5":[1],"6":[32]},"fnMap":{"0":{"name":"<instance_members_initializer>","decl":{"start":{"line":12,"column":61},"end":{"line":44,"column":1}},"loc":{"start":{"line":12,"column":61},"end":{"line":44,"column":1}},"line":12},"1":{"name":"handleOnchange","decl":{"start":{"line":14,"column":19},"end":{"line":16,"column":4}},"loc":{"start":{"line":14,"column":19},"end":{"line":16,"column":4}},"line":14},"2":{"name":"handleFormSubmit","decl":{"start":{"line":17,"column":21},"end":{"line":22,"column":4}},"loc":{"start":{"line":17,"column":21},"end":{"line":22,"column":4}},"line":17},"3":{"name":"render","decl":{"start":{"line":23,"column":2},"end":{"line":43,"column":3}},"loc":{"start":{"line":23,"column":2},"end":{"line":43,"column":3}},"line":23}},"f":{"0":6,"1":14,"2":4,"3":32}}
,"C:\\Users\\37529\\Desktop\\rs-react\\src\\pages\\MainPage.tsx": {"path":"C:\\Users\\37529\\Desktop\\rs-react\\src\\pages\\MainPage.tsx","all":false,"statementMap":{"0":{"start":{"line":1,"column":0},"end":{"line":1,"column":50}},"1":{"start":{"line":2,"column":0},"end":{"line":2,"column":49}},"2":{"start":{"line":3,"column":0},"end":{"line":3,"column":46}},"3":{"start":{"line":4,"column":0},"end":{"line":4,"column":46}},"5":{"start":{"line":6,"column":0},"end":{"line":6,"column":64}},"6":{"start":{"line":7,"column":0},"end":{"line":7,"column":70}},"15":{"start":{"line":16,"column":0},"end":{"line":16,"column":22}},"16":{"start":{"line":17,"column":0},"end":{"line":17,"column":12}},"17":{"start":{"line":18,"column":0},"end":{"line":18,"column":19}},"18":{"start":{"line":19,"column":0},"end":{"line":19,"column":18}},"19":{"start":{"line":20,"column":0},"end":{"line":20,"column":19}},"20":{"start":{"line":21,"column":0},"end":{"line":21,"column":53}},"21":{"start":{"line":22,"column":0},"end":{"line":22,"column":2}},"22":{"start":{"line":23,"column":0},"end":{"line":23,"column":34}},"23":{"start":{"line":24,"column":0},"end":{"line":24,"column":30}},"24":{"start":{"line":25,"column":0},"end":{"line":25,"column":45}},"25":{"start":{"line":26,"column":0},"end":{"line":26,"column":49}},"26":{"start":{"line":27,"column":0},"end":{"line":27,"column":44}},"27":{"start":{"line":28,"column":0},"end":{"line":28,"column":27}},"28":{"start":{"line":29,"column":0},"end":{"line":29,"column":7}},"29":{"start":{"line":30,"column":0},"end":{"line":30,"column":4}},"30":{"start":{"line":31,"column":0},"end":{"line":31,"column":29}},"31":{"start":{"line":32,"column":0},"end":{"line":32,"column":25}},"32":{"start":{"line":33,"column":0},"end":{"line":33,"column":3}},"33":{"start":{"line":34,"column":0},"end":{"line":34,"column":31}},"34":{"start":{"line":35,"column":0},"end":{"line":35,"column":60}},"35":{"start":{"line":36,"column":0},"end":{"line":36,"column":42}},"36":{"start":{"line":37,"column":0},"end":{"line":37,"column":30}},"37":{"start":{"line":38,"column":0},"end":{"line":38,"column":14}},"38":{"start":{"line":39,"column":0},"end":{"line":39,"column":23}},"39":{"start":{"line":40,"column":0},"end":{"line":40,"column":26}},"40":{"start":{"line":41,"column":0},"end":{"line":41,"column":24}},"41":{"start":{"line":42,"column":0},"end":{"line":42,"column":8}},"42":{"start":{"line":43,"column":0},"end":{"line":43,"column":4}},"43":{"start":{"line":44,"column":0},"end":{"line":44,"column":23}},"44":{"start":{"line":45,"column":0},"end":{"line":45,"column":51}},"45":{"start":{"line":46,"column":0},"end":{"line":46,"column":12}},"46":{"start":{"line":47,"column":0},"end":{"line":47,"column":11}},"47":{"start":{"line":48,"column":0},"end":{"line":48,"column":29}},"48":{"start":{"line":49,"column":0},"end":{"line":49,"column":60}},"50":{"start":{"line":51,"column":0},"end":{"line":51,"column":23}},"51":{"start":{"line":52,"column":0},"end":{"line":52,"column":67}},"53":{"start":{"line":54,"column":0},"end":{"line":54,"column":22}},"54":{"start":{"line":55,"column":0},"end":{"line":55,"column":27}},"55":{"start":{"line":56,"column":0},"end":{"line":56,"column":21}},"56":{"start":{"line":57,"column":0},"end":{"line":57,"column":26}},"58":{"start":{"line":59,"column":0},"end":{"line":59,"column":33}},"60":{"start":{"line":61,"column":0},"end":{"line":61,"column":13}},"62":{"start":{"line":63,"column":0},"end":{"line":63,"column":3}},"63":{"start":{"line":64,"column":0},"end":{"line":64,"column":1}},"64":{"start":{"line":65,"column":0},"end":{"line":65,"column":24}}},"s":{"0":1,"1":1,"2":1,"3":1,"5":1,"6":1,"15":1,"16":1,"17":1,"18":1,"19":1,"20":1,"21":1,"22":1,"23":3,"24":3,"25":2,"26":2,"27":2,"28":2,"29":2,"30":3,"31":3,"32":3,"33":3,"34":5,"35":5,"36":5,"37":5,"38":5,"39":5,"40":5,"41":5,"42":5,"43":3,"44":15,"45":15,"46":15,"47":15,"48":15,"50":15,"51":15,"53":15,"54":5,"55":10,"56":1,"58":9,"60":15,"62":15,"63":3,"64":1},"branchMap":{"0":{"type":"branch","line":23,"loc":{"start":{"line":23,"column":33},"end":{"line":64,"column":1}},"locations":[{"start":{"line":23,"column":33},"end":{"line":64,"column":1}}]},"1":{"type":"branch","line":25,"loc":{"start":{"line":25,"column":25},"end":{"line":30,"column":4}},"locations":[{"start":{"line":25,"column":25},"end":{"line":30,"column":4}}]},"2":{"type":"branch","line":26,"loc":{"start":{"line":26,"column":42},"end":{"line":29,"column":5}},"locations":[{"start":{"line":26,"column":42},"end":{"line":29,"column":5}}]},"3":{"type":"branch","line":31,"loc":{"start":{"line":31,"column":2},"end":{"line":33,"column":3}},"locations":[{"start":{"line":31,"column":2},"end":{"line":33,"column":3}}]},"4":{"type":"branch","line":34,"loc":{"start":{"line":34,"column":18},"end":{"line":43,"column":4}},"locations":[{"start":{"line":34,"column":18},"end":{"line":43,"column":4}}]},"5":{"type":"branch","line":35,"loc":{"start":{"line":35,"column":18},"end":{"line":35,"column":58}},"locations":[{"start":{"line":35,"column":18},"end":{"line":35,"column":58}}]},"6":{"type":"branch","line":37,"loc":{"start":{"line":37,"column":18},"end":{"line":42,"column":6}},"locations":[{"start":{"line":37,"column":18},"end":{"line":42,"column":6}}]},"7":{"type":"branch","line":44,"loc":{"start":{"line":44,"column":2},"end":{"line":63,"column":3}},"locations":[{"start":{"line":44,"column":2},"end":{"line":63,"column":3}}]},"8":{"type":"branch","line":54,"loc":{"start":{"line":54,"column":9},"end":{"line":55,"column":27}},"locations":[{"start":{"line":54,"column":9},"end":{"line":55,"column":27}}]},"9":{"type":"branch","line":55,"loc":{"start":{"line":55,"column":25},"end":{"line":59,"column":33}},"locations":[{"start":{"line":55,"column":25},"end":{"line":59,"column":33}}]},"10":{"type":"branch","line":56,"loc":{"start":{"line":56,"column":12},"end":{"line":57,"column":26}},"locations":[{"start":{"line":56,"column":12},"end":{"line":57,"column":26}}]},"11":{"type":"branch","line":57,"loc":{"start":{"line":57,"column":21},"end":{"line":59,"column":33}},"locations":[{"start":{"line":57,"column":21},"end":{"line":59,"column":33}}]}},"b":{"0":[3],"1":[2],"2":[2],"3":[3],"4":[5],"5":[5],"6":[5],"7":[15],"8":[5],"9":[10],"10":[1],"11":[9]},"fnMap":{"0":{"name":"<instance_members_initializer>","decl":{"start":{"line":23,"column":33},"end":{"line":64,"column":1}},"loc":{"start":{"line":23,"column":33},"end":{"line":64,"column":1}},"line":23},"1":{"name":"handleGetSearchValue","decl":{"start":{"line":25,"column":25},"end":{"line":30,"column":4}},"loc":{"start":{"line":25,"column":25},"end":{"line":30,"column":4}},"line":25},"2":{"name":"componentDidMount","decl":{"start":{"line":31,"column":2},"end":{"line":33,"column":3}},"loc":{"start":{"line":31,"column":2},"end":{"line":33,"column":3}},"line":31},"3":{"name":"getCharacters","decl":{"start":{"line":34,"column":18},"end":{"line":43,"column":4}},"loc":{"start":{"line":34,"column":18},"end":{"line":43,"column":4}},"line":34},"4":{"name":"render","decl":{"start":{"line":44,"column":2},"end":{"line":63,"column":3}},"loc":{"start":{"line":44,"column":2},"end":{"line":63,"column":3}},"line":44}},"f":{"0":3,"1":2,"2":3,"3":5,"4":15}}
}
